<?xml version="1.0" encoding="UTF-8"?>
<!-- Generated by org.testng.reporters.JUnitReportReporter -->
<testsuite hostname="Mouna" name="TabScroll_Progm.Scrolling" tests="1" failures="0" timestamp="25 Aug 2019 07:46:07 GMT" time="47.597" errors="0">
  <testcase name="scroll" time="47.597" classname="TabScroll_Progm.Scrolling"/>
</testsuite> <!-- TabScroll_Progm.Scrolling -->
