<?xml version="1.0" encoding="UTF-8"?>
<!-- Generated by org.testng.reporters.JUnitReportReporter -->
<testsuite hostname="Mouna" name="TabScroll_Suit.Test1" tests="1" failures="0" timestamp="25 Aug 2019 06:18:22 GMT" time="0.016" errors="0">
  <testcase name="testing" time="0.016" classname="TabScroll_Suit.Test1"/>
</testsuite> <!-- TabScroll_Suit.Test1 -->
