<?xml version="1.0" encoding="UTF-8"?>
<!-- Generated by org.testng.reporters.JUnitReportReporter -->
<testsuite hostname="Mouna" name="TabScroll_Progm.TabScroll" tests="1" failures="0" timestamp="25 Aug 2019 07:46:07 GMT" time="52.582" errors="0">
  <testcase name="scroll" time="52.582" classname="TabScroll_Progm.TabScroll"/>
</testsuite> <!-- TabScroll_Progm.TabScroll -->
